derfull \hbox (badness 2229) in paragraph at lines 111--111
\TU/NotoSansCJKSC(0)/m/n/9 (CFS) and DTT (Italy) aim to achieve similar results
 with advanced
[5] [6]
Underfull \hbox (badness 1484) in paragraph at lines 138--138
\TU/NotoSansCJKSC(0)/m/n/9 range from $100-$200/MWh, driven by high capital cos
ts (estimated

Underfull \hbox (badness 2591) in paragraph at lines 138--138
\TU/NotoSansCJKSC(0)/m/n/9 uncertain but could be steep if modular designs and 
standardized

Underfull \hbox (badness 1102) in paragraph at lines 139--139
\TU/NotoSansCJKSC(0)/m/n/9 Financing models must account for high upfront risk;
 public-private
[7] [8]
Underfull \hbox (badness 1102) in paragraph at lines 165--165
\TU/NotoSansCJKSC(0)/m/n/9 In the United States, the Nuclear Regulatory Commiss
ion (NRC) has

Underfull \hbox (badness 1997) in paragraph at lines 166--166
[]\TU/NotoSansCJKSC(0)/m/n/9 The United Kingdom has taken a proactive approach,
 with the UK

Underfull \hbox (badness 1635) in paragraph at lines 166--166
\TU/NotoSansCJKSC(0)/m/n/9 Union are still developing specific fusion licensing
 rules, relying on
[9] [10]
Underfull \hbox (badness 1681) in paragraph at lines 191--191
[]\TU/NotoSansCJKSC(0)/m/n/9 Strategically, early movers in technology, supply 
chains, and talent
[11] [12]
Underfull \hbox (badness 5175) in paragraph at lines 219--219
[]\TU/NotoSansCJKSC(0)/m/n/9 Fusion’s potential to provide abundant, carbon-fre
e energy is a

Underfull \hbox (badness 3701) in paragraph at lines 219--219
\TU/NotoSansCJKSC(0)/m/n/9 compelling. Energy independence-reducing reliance on
 fossil fuel

Underfull \hbox (badness 7925) in paragraph at lines 219--219
\TU/NotoSansCJKSC(0)/m/n/9 unlimited fuel supply (deuterium from water, lithium
 for tritium

Underfull \hbox (badness 2418) in paragraph at lines 219--219
\TU/NotoSansCJKSC(0)/m/n/9 South Korea, and the UK, which import most of their 
energy, are

Underfull \hbox (badness 1577) in paragraph at lines 220--220
\TU/NotoSansCJKSC(0)/m/n/9 fusion reactors could power aircraft carriers, subma
rines, and even
[13] [14] [15] [16]
Underfull \hbox (badness 4634) in paragraph at lines 273--273
\TU/NotoSansCJKSC(0)/m/n/9 durations and the China Fusion Engineering Test Reac
tor (CFETR)

Underfull \hbox (badness 2521) in paragraph at lines 273--273
\TU/NotoSansCJKSC(0)/m/n/9 targeting operation in the 2030s. China’s state-back
ed approach

Underfull \hbox (badness 2073) in paragraph at lines 273--273
\TU/NotoSansCJKSC(0)/m/n/9 capital-driven model in the West. The country also c
ontrols most

Underfull \hbox (badness 1033) in paragraph at lines 274--274
[]\TU/NotoSansCJKSC(0)/m/n/9 China’s fusion ambitions are part of a broader str
ategy to achieve

Underfull \hbox (badness 2970) in paragraph at lines 274--274
\TU/NotoSansCJKSC(0)/m/n/9 country is also investing in fusion for naval propul
sion and space
[17] [18]
Underfull \hbox (badness 2181) in paragraph at lines 300--300
[]\TU/NotoSansCJKSC(0)/m/n/9 While fusion is often discussed as a source of bas
eload electricity,

Underfull \hbox (badness 2158) in paragraph at lines 301--301
\TU/NotoSansCJKSC(0)/m/n/9 tentially achieving costs below $2/kg by 2050. This 
hydrogen can

Underfull \hbox (badness 6078) in paragraph at lines 301--301
\TU/NotoSansCJKSC(0)/m/n/9 be used as a clean fuel for transportation, industry
, and power
[19] [20]
Underfull \hbox (badness 1867) in paragraph at lines 327--327
\TU/NotoSansCJKSC(0)/m/n/9 agile startups and established industrial incumbents
. Startups like

Underfull \hbox (badness 1102) in paragraph at lines 328--328
\TU/NotoSansCJKSC(0)/m/n/9 existing customer relationships. They are well-posit
ioned to supply
[21] [22] [23] (./report_latex.aux)

LaTeX Warning: There were undefined references.


LaTeX Warning: Label(s) may have changed. Rerun to get cross-references right.

 )
(see the transcript file for additional information)
Output written on report_latex.pdf (23 pages).
Transcript written on report_latex.log.
in paragraph at lines 85--85
\TU/NotoSansCJKSC(0)/m/n/9 ducting magnets can scale reliably. The gap between 
a successful
[3] [4]
Underfull \hbox (badness 2229) in paragraph at lines 111--111
\TU/NotoSansCJKSC(0)/m/n/9 (CFS) and DTT (Italy) aim to achieve similar results
 with advanced
[5] [6]
Underfull \hbox (badness 1484) in paragraph at lines 138--138
\TU/NotoSansCJKSC(0)/m/n/9 range from $100-$200/MWh, driven by high capital cos
ts (estimated

Underfull \hbox (badness 2591) in paragraph at lines 138--138
\TU/NotoSansCJKSC(0)/m/n/9 uncertain but could be steep if modular designs and 
standardized

Underfull \hbox (badness 1102) in paragraph at lines 139--139
\TU/NotoSansCJKSC(0)/m/n/9 Financing models must account for high upfront risk;
 public-private
[7] [8]
Underfull \hbox (badness 1102) in paragraph at lines 165--165
\TU/NotoSansCJKSC(0)/m/n/9 In the United States, the Nuclear Regulatory Commiss
ion (NRC) has

Underfull \hbox (badness 1997) in paragraph at lines 166--166
[]\TU/NotoSansCJKSC(0)/m/n/9 The United Kingdom has taken a proactive approach,
 with the UK

Underfull \hbox (badness 1635) in paragraph at lines 166--166
\TU/NotoSansCJKSC(0)/m/n/9 Union are still developing specific fusion licensing
 rules, relying on
[9] [10]
Underfull \hbox (badness 1681) in paragraph at lines 191--191
[]\TU/NotoSansCJKSC(0)/m/n/9 Strategically, early movers in technology, supply 
chains, and talent
[11] [12]
Underfull \hbox (badness 5175) in paragraph at lines 219--219
[]\TU/NotoSansCJKSC(0)/m/n/9 Fusion’s potential to provide abundant, carbon-fre
e energy is a

Underfull \hbox (badness 3701) in paragraph at lines 219--219
\TU/NotoSansCJKSC(0)/m/n/9 compelling. Energy independence-reducing reliance on
 fossil fuel

Underfull \hbox (badness 7925) in paragraph at lines 219--219
\TU/NotoSansCJKSC(0)/m/n/9 unlimited fuel supply (deuterium from water, lithium
 for tritium

Underfull \hbox (badness 2418) in paragraph at lines 219--219
\TU/NotoSansCJKSC(0)/m/n/9 South Korea, and the UK, which import most of their 
energy, are

Underfull \hbox (badness 1577) in paragraph at lines 220--220
\TU/NotoSansCJKSC(0)/m/n/9 fusion reactors could power aircraft carriers, subma
rines, and even
[13] [14] [15] [16]
Underfull \hbox (badness 4634) in paragraph at lines 273--273
\TU/NotoSansCJKSC(0)/m/n/9 durations and the China Fusion Engineering Test Reac
tor (CFETR)

Underfull \hbox (badness 2521) in paragraph at lines 273--273
\TU/NotoSansCJKSC(0)/m/n/9 targeting operation in the 2030s. China’s state-back
ed approach

Underfull \hbox (badness 2073) in paragraph at lines 273--273
\TU/NotoSansCJKSC(0)/m/n/9 capital-driven model in the West. The country also c
ontrols most

Underfull \hbox (badness 1033) in paragraph at lines 274--274
[]\TU/NotoSansCJKSC(0)/m/n/9 China’s fusion ambitions are part of a broader str
ategy to achieve

Underfull \hbox (badness 2970) in paragraph at lines 274--274
\TU/NotoSansCJKSC(0)/m/n/9 country is also investing in fusion for naval propul
sion and space
[17] [18]
Underfull \hbox (badness 2181) in paragraph at lines 300--300
[]\TU/NotoSansCJKSC(0)/m/n/9 While fusion is often discussed as a source of bas
eload electricity,

Underfull \hbox (badness 2158) in paragraph at lines 301--301
\TU/NotoSansCJKSC(0)/m/n/9 tentially achieving costs below $2/kg by 2050. This 
hydrogen can

Underfull \hbox (badness 6078) in paragraph at lines 301--301
\TU/NotoSansCJKSC(0)/m/n/9 be used as a clean fuel for transportation, industry
, and power
[19] [20]
Underfull \hbox (badness 1867) in paragraph at lines 327--327
\TU/NotoSansCJKSC(0)/m/n/9 agile startups and established industrial incumbents
. Startups like

Underfull \hbox (badness 1102) in paragraph at lines 328--328
\TU/NotoSansCJKSC(0)/m/n/9 existing customer relationships. They are well-posit
ioned to supply
[21] [22] [23] (./report_latex.aux) )
(see the transcript file for additional information)
Output written on report_latex.pdf (23 pages).
Transcript written on report_latex.log.
