gh returns but carry significant risk. Investo
rs should

Underfull \hbox (badness 4429) in paragraph at lines 341--341
\TU/NotoSansCJKSC(0)/m/n/9 gain, its funding runway, and its partnerships with 
utilities

Underfull \hbox (badness 1424) in paragraph at lines 341--341
\TU/NotoSansCJKSC(0)/m/n/9 and governments. Companies that have achieved signif
icant
[16] [17]
Overfull \hbox (23.73523pt too wide) in paragraph at lines 397--398
 [] 
[18]
Underfull \hbox (badness 3098) in paragraph at lines 404--404
\TU/NotoSansCJKSC(0)/m/n/9 being defined. Unlike fission, which has a well-esta
blished

Underfull \hbox (badness 1430) in paragraph at lines 404--404
\TU/NotoSansCJKSC(0)/m/n/9 regulatory framework, fusion does not fit neatly int
o existing

Underfull \hbox (badness 1748) in paragraph at lines 404--404
\TU/NotoSansCJKSC(0)/m/n/9 while others are developing separate rules. The US N
uclear

Underfull \hbox (badness 1377) in paragraph at lines 405--405
\TU/NotoSansCJKSC(0)/m/n/9 areas. Early and transparent engagement with communi
ties,
[19] [20]
Overfull \hbox (23.73523pt too wide) in paragraph at lines 461--462
 [] 
[21]
Underfull \hbox (badness 1796) in paragraph at lines 468--468
[]\TU/NotoSansCJKSC(0)/m/n/9 The fusion supply chain is global and concentrated
 in a few

Underfull \hbox (badness 2980) in paragraph at lines 469--469
[]\TU/NotoSansCJKSC(0)/m/n/9 Export controls and intellectual property protecti
on are also
[22] [23]
Overfull \hbox (23.73523pt too wide) in paragraph at lines 525--526
 [] 
[24]
Underfull \hbox (badness 10000) in paragraph at lines 532--532
\TU/NotoSansCJKSC(0)/m/n/9 for organizations considering entry into the fusion 
space.

Underfull \hbox (badness 3396) in paragraph at lines 532--532
\TU/NotoSansCJKSC(0)/m/n/9 First, establish a dedicated fusion strategy team to
 monitor

Underfull \hbox (badness 5064) in paragraph at lines 532--532
\TU/NotoSansCJKSC(0)/m/n/9 developments and coordinate activities. This team sh
ould

Underfull \hbox (badness 1194) in paragraph at lines 532--532
\TU/NotoSansCJKSC(0)/m/n/9 include experts in energy technology, finance, and p
olicy. It

Underfull \hbox (badness 2189) in paragraph at lines 532--532
\TU/NotoSansCJKSC(0)/m/n/9 should track key milestones, funding rounds, and reg
ulatory

Underfull \hbox (badness 10000) in paragraph at lines 533--533
[]\TU/NotoSansCJKSC(0)/m/n/9 Second, initiate engagement with leading private f
usion

Underfull \hbox (badness 4886) in paragraph at lines 533--533
\TU/NotoSansCJKSC(0)/m/n/9 companies. This could begin with confidential discus
sions

Underfull \hbox (badness 1540) in paragraph at lines 533--533
\TU/NotoSansCJKSC(0)/m/n/9 based on technical merit, management quality, and st
rategic
[25] [26]
Overfull \hbox (23.73523pt too wide) in paragraph at lines 589--590
 [] 
[27]
Underfull \hbox (badness 1024) in paragraph at lines 596--596
\TU/NotoSansCJKSC(0)/m/n/9 announcements of breakthroughs that raise expectatio
ns only

Underfull \hbox (badness 1383) in paragraph at lines 596--596
\TU/NotoSansCJKSC(0)/m/n/9 to be followed by delays and setbacks. The recent su
rge of

Underfull \hbox (badness 1102) in paragraph at lines 596--596
\TU/NotoSansCJKSC(0)/m/n/9 private investment and technical achievements has ge
nerated

Underfull \hbox (badness 10000) in paragraph at lines 597--597
[]\TU/NotoSansCJKSC(0)/m/n/9 To manage expectations, organizations should focus
 on

Underfull \hbox (badness 3838) in paragraph at lines 597--597
\TU/NotoSansCJKSC(0)/m/n/9 verifiable milestones rather than promises. Key mile
stones
[28] [29]
Overfull \hbox (23.73523pt too wide) in paragraph at lines 653--654
 [] 
[30] [31] [32]
Overfull \hbox (23.73523pt too wide) in paragraph at lines 717--718
 [] 
[33] [34] (./report_latex.aux)

LaTeX Warning: Label(s) may have changed. Rerun to get cross-references right.

 )
(see the transcript file for additional information)
Output written on report_latex.pdf (34 pages).
Transcript written on report_latex.log.
ox (badness 2828) in paragraph at lines 341--341
\TU/NotoSansCJKSC(0)/m/n/9 for high returns but carry significant risk. Investo
rs should

Underfull \hbox (badness 4429) in paragraph at lines 341--341
\TU/NotoSansCJKSC(0)/m/n/9 gain, its funding runway, and its partnerships with 
utilities

Underfull \hbox (badness 1424) in paragraph at lines 341--341
\TU/NotoSansCJKSC(0)/m/n/9 and governments. Companies that have achieved signif
icant
[16] [17]
Overfull \hbox (23.73523pt too wide) in paragraph at lines 397--398
 [] 
[18]
Underfull \hbox (badness 3098) in paragraph at lines 404--404
\TU/NotoSansCJKSC(0)/m/n/9 being defined. Unlike fission, which has a well-esta
blished

Underfull \hbox (badness 1430) in paragraph at lines 404--404
\TU/NotoSansCJKSC(0)/m/n/9 regulatory framework, fusion does not fit neatly int
o existing

Underfull \hbox (badness 1748) in paragraph at lines 404--404
\TU/NotoSansCJKSC(0)/m/n/9 while others are developing separate rules. The US N
uclear

Underfull \hbox (badness 1377) in paragraph at lines 405--405
\TU/NotoSansCJKSC(0)/m/n/9 areas. Early and transparent engagement with communi
ties,
[19] [20]
Overfull \hbox (23.73523pt too wide) in paragraph at lines 461--462
 [] 
[21]
Underfull \hbox (badness 1796) in paragraph at lines 468--468
[]\TU/NotoSansCJKSC(0)/m/n/9 The fusion supply chain is global and concentrated
 in a few

Underfull \hbox (badness 2980) in paragraph at lines 469--469
[]\TU/NotoSansCJKSC(0)/m/n/9 Export controls and intellectual property protecti
on are also
[22] [23]
Overfull \hbox (23.73523pt too wide) in paragraph at lines 525--526
 [] 
[24]
Underfull \hbox (badness 10000) in paragraph at lines 532--532
\TU/NotoSansCJKSC(0)/m/n/9 for organizations considering entry into the fusion 
space.

Underfull \hbox (badness 3396) in paragraph at lines 532--532
\TU/NotoSansCJKSC(0)/m/n/9 First, establish a dedicated fusion strategy team to
 monitor

Underfull \hbox (badness 5064) in paragraph at lines 532--532
\TU/NotoSansCJKSC(0)/m/n/9 developments and coordinate activities. This team sh
ould

Underfull \hbox (badness 1194) in paragraph at lines 532--532
\TU/NotoSansCJKSC(0)/m/n/9 include experts in energy technology, finance, and p
olicy. It

Underfull \hbox (badness 2189) in paragraph at lines 532--532
\TU/NotoSansCJKSC(0)/m/n/9 should track key milestones, funding rounds, and reg
ulatory

Underfull \hbox (badness 10000) in paragraph at lines 533--533
[]\TU/NotoSansCJKSC(0)/m/n/9 Second, initiate engagement with leading private f
usion

Underfull \hbox (badness 4886) in paragraph at lines 533--533
\TU/NotoSansCJKSC(0)/m/n/9 companies. This could begin with confidential discus
sions

Underfull \hbox (badness 1540) in paragraph at lines 533--533
\TU/NotoSansCJKSC(0)/m/n/9 based on technical merit, management quality, and st
rategic
[25] [26]
Overfull \hbox (23.73523pt too wide) in paragraph at lines 589--590
 [] 
[27]
Underfull \hbox (badness 1024) in paragraph at lines 596--596
\TU/NotoSansCJKSC(0)/m/n/9 announcements of breakthroughs that raise expectatio
ns only

Underfull \hbox (badness 1383) in paragraph at lines 596--596
\TU/NotoSansCJKSC(0)/m/n/9 to be followed by delays and setbacks. The recent su
rge of

Underfull \hbox (badness 1102) in paragraph at lines 596--596
\TU/NotoSansCJKSC(0)/m/n/9 private investment and technical achievements has ge
nerated

Underfull \hbox (badness 10000) in paragraph at lines 597--597
[]\TU/NotoSansCJKSC(0)/m/n/9 To manage expectations, organizations should focus
 on

Underfull \hbox (badness 3838) in paragraph at lines 597--597
\TU/NotoSansCJKSC(0)/m/n/9 verifiable milestones rather than promises. Key mile
stones
[28] [29]
Overfull \hbox (23.73523pt too wide) in paragraph at lines 653--654
 [] 
[30] [31] [32]
Overfull \hbox (23.73523pt too wide) in paragraph at lines 717--718
 [] 
[33] [34] (./report_latex.aux) )
(see the transcript file for additional information)
Output written on report_latex.pdf (34 pages).
Transcript written on report_latex.log.
